# JRE version: Java(TM) SE Runtime Environment (8.0_25-b18) (build 1.8.0_25-b18)
# Java VM: Java HotSpot(TM) 64-Bit Server VM (25.25-b02 mixed mode windows-amd64 compressed oops)
Heap:
 PSYoungGen      total 54272K, used 9756K [0x00000007bc400000, 0x00000007c0000000, 0x00000007c0000000)
  eden space 49664K, 10% used [0x00000007bc400000,0x00000007bc911d10,0x00000007bf480000)
  from space 4608K, 99% used [0x00000007bf500000,0x00000007bf975328,0x00000007bf980000)
  to   space 6144K, 0% used [0x00000007bfa00000,0x00000007bfa00000,0x00000007c0000000)
 ParOldGen       total 239616K, used 85619K [0x0000000700000000, 0x000000070ea00000, 0x00000007bc400000)
  object space 239616K, 35% used [0x0000000700000000,0x000000070539cff8,0x000000070ea00000)
 Metaspace       used 67951K, capacity 68413K, committed 68864K, reserved 1107968K
  class space    used 9628K, capacity 9705K, committed 9728K, reserved 1048576K
GC Heap History (10 events):
Event: 1232.953 GC heap before
{Heap before GC invocations=570 (full 81):
 PSYoungGen      total 56320K, used 52987K [0x00000007bc400000, 0x00000007c0000000, 0x00000007c0000000)
  eden space 51200K, 100% used [0x00000007bc400000,0x00000007bf600000,0x00000007bf600000)
  from space 5120K, 34% used [0x00000007bfb00000,0x00000007bfcbeee0,0x00000007c0000000)
  to   space 5120K, 0% used [0x00000007bf600000,0x00000007bf600000,0x00000007bfb00000)
 ParOldGen       total 239616K, used 85611K [0x0000000700000000, 0x000000070ea00000, 0x00000007bc400000)
  object space 239616K, 35% used [0x0000000700000000,0x000000070539aff8,0x000000070ea00000)
 Metaspace       used 67501K, capacity 67901K, committed 68608K, reserved 1107968K
  class space    used 9576K, capacity 9641K, committed 9728K, reserved 1048576K
Event: 1232.958 GC heap after
Heap after GC invocations=570 (full 81):
 PSYoungGen      total 56320K, used 1894K [0x00000007bc400000, 0x00000007c0000000, 0x00000007c0000000)
  eden space 51200K, 0% used [0x00000007bc400000,0x00000007bc400000,0x00000007bf600000)
  from space 5120K, 36% used [0x00000007bf600000,0x00000007bf7d9940,0x00000007bfb00000)
  to   space 4608K, 0% used [0x00000007bfb80000,0x00000007bfb80000,0x00000007c0000000)
 ParOldGen       total 239616K, used 85611K [0x0000000700000000, 0x000000070ea00000, 0x00000007bc400000)
  object space 239616K, 35% used [0x0000000700000000,0x000000070539aff8,0x000000070ea00000)
 Metaspace       used 67501K, capacity 67901K, committed 68608K, reserved 1107968K
  class space    used 9576K, capacity 9641K, committed 9728K, reserved 1048576K
}
Event: 1235.169 GC heap before
{Heap before GC invocations=571 (full 81):
 PSYoungGen      total 56320K, used 53094K [0x00000007bc400000, 0x00000007c0000000, 0x00000007c0000000)
  eden space 51200K, 100% used [0x00000007bc400000,0x00000007bf600000,0x00000007bf600000)
  from space 5120K, 36% used [0x00000007bf600000,0x00000007bf7d9940,0x00000007bfb00000)
  to   space 4608K, 0% used [0x00000007bfb80000,0x00000007bfb80000,0x00000007c0000000)
 ParOldGen       total 239616K, used 85611K [0x0000000700000000, 0x000000070ea00000, 0x00000007bc400000)
  object space 239616K, 35% used [0x0000000700000000,0x000000070539aff8,0x000000070ea00000)
 Metaspace       used 67505K, capacity 67901K, committed 68608K, reserved 1107968K
  class space    used 9576K, capacity 9641K, committed 9728K, reserved 1048576K
Event: 1235.172 GC heap after
Heap after GC invocations=571 (full 81):
 PSYoungGen      total 56832K, used 2062K [0x00000007bc400000, 0x00000007c0000000, 0x00000007c0000000)
  eden space 52224K, 0% used [0x00000007bc400000,0x00000007bc400000,0x00000007bf700000)
  from space 4608K, 44% used [0x00000007bfb80000,0x00000007bfd839d0,0x00000007c0000000)
  to   space 4608K, 0% used [0x00000007bf700000,0x00000007bf700000,0x00000007bfb80000)
 ParOldGen       total 239616K, used 85611K [0x0000000700000000, 0x000000070ea00000, 0x00000007bc400000)
  object space 239616K, 35% used [0x0000000700000000,0x000000070539aff8,0x000000070ea00000)
 Metaspace       used 67505K, capacity 67901K, committed 68608K, reserved 1107968K
  class space    used 9576K, capacity 9641K, committed 9728K, reserved 1048576K
}
Event: 1248.657 GC heap before
{Heap before GC invocations=572 (full 81):
 PSYoungGen      total 56832K, used 54286K [0x00000007bc400000, 0x00000007c0000000, 0x00000007c0000000)
  eden space 52224K, 100% used [0x00000007bc400000,0x00000007bf700000,0x00000007bf700000)
  from space 4608K, 44% used [0x00000007bfb80000,0x00000007bfd839d0,0x00000007c0000000)
  to   space 4608K, 0% used [0x00000007bf700000,0x00000007bf700000,0x00000007bfb80000)
 ParOldGen       total 239616K, used 85611K [0x0000000700000000, 0x000000070ea00000, 0x00000007bc400000)
  object space 239616K, 35% used [0x0000000700000000,0x000000070539aff8,0x000000070ea00000)
 Metaspace       used 67902K, capacity 68349K, committed 68864K, reserved 1107968K
  class space    used 9627K, capacity 9705K, committed 9728K, reserved 1048576K
Event: 1248.664 GC heap after
Heap after GC invocations=572 (full 81):
 PSYoungGen      total 56320K, used 3923K [0x00000007bc400000, 0x00000007c0000000, 0x00000007c0000000)
  eden space 52224K, 0% used [0x00000007bc400000,0x00000007bc400000,0x00000007bf700000)
  from space 4096K, 95% used [0x00000007bf700000,0x00000007bfad4fb8,0x00000007bfb00000)
  to   space 5120K, 0% used [0x00000007bfb00000,0x00000007bfb00000,0x00000007c0000000)
 ParOldGen       total 239616K, used 85611K [0x0000000700000000, 0x000000070ea00000, 0x00000007bc400000)
  object space 239616K, 35% used [0x0000000700000000,0x000000070539aff8,0x000000070ea00000)
 Metaspace       used 67902K, capacity 68349K, committed 68864K, reserved 1107968K
  class space    used 9627K, capacity 9705K, committed 9728K, reserved 1048576K
}
Event: 1315.445 GC heap before
{Heap before GC invocations=573 (full 81):
 PSYoungGen      total 56320K, used 56147K [0x00000007bc400000, 0x00000007c0000000, 0x00000007c0000000)
  eden space 52224K, 100% used [0x00000007bc400000,0x00000007bf700000,0x00000007bf700000)
  from space 4096K, 95% used [0x00000007bf700000,0x00000007bfad4fb8,0x00000007bfb00000)
  to   space 5120K, 0% used [0x00000007bfb00000,0x00000007bfb00000,0x00000007c0000000)
 ParOldGen       total 239616K, used 85611K [0x0000000700000000, 0x000000070ea00000, 0x00000007bc400000)
  object space 239616K, 35% used [0x0000000700000000,0x000000070539aff8,0x000000070ea00000)
 Metaspace       used 67944K, capacity 68413K, committed 68864K, reserved 1107968K
  class space    used 9627K, capacity 9705K, committed 9728K, reserved 1048576K
Event: 1315.450 GC heap after
Heap after GC invocations=573 (full 81):
 PSYoungGen      total 55296K, used 4338K [0x00000007bc400000, 0x00000007c0000000, 0x00000007c0000000)
  eden space 50176K, 0% used [0x00000007bc400000,0x00000007bc400000,0x00000007bf500000)
  from space 5120K, 84% used [0x00000007bfb00000,0x00000007bff3c9d8,0x00000007c0000000)
  to   space 5632K, 0% used [0x00000007bf500000,0x00000007bf500000,0x00000007bfa80000)
 ParOldGen       total 239616K, used 85619K [0x0000000700000000, 0x000000070ea00000, 0x00000007bc400000)
  object space 239616K, 35% used [0x0000000700000000,0x000000070539cff8,0x000000070ea00000)
 Metaspace       used 67944K, capacity 68413K, committed 68864K, reserved 1107968K
  class space    used 9627K, capacity 9705K, committed 9728K, reserved 1048576K
}
Event: 1414.898 GC heap before
{Heap before GC invocations=574 (full 81):
 PSYoungGen      total 55296K, used 54514K [0x00000007bc400000, 0x00000007c0000000, 0x00000007c0000000)
  eden space 50176K, 100% used [0x00000007bc400000,0x00000007bf500000,0x00000007bf500000)
  from space 5120K, 84% used [0x00000007bfb00000,0x00000007bff3c9d8,0x00000007c0000000)
  to   space 5632K, 0% used [0x00000007bf500000,0x00000007bf500000,0x00000007bfa80000)
 ParOldGen       total 239616K, used 85619K [0x0000000700000000, 0x000000070ea00000, 0x00000007bc400000)
  object space 239616K, 35% used [0x0000000700000000,0x000000070539cff8,0x000000070ea00000)
 Metaspace       used 67951K, capacity 68413K, committed 68864K, reserved 1107968K
  class space    used 9628K, capacity 9705K, committed 9728K, reserved 1048576K
Event: 1414.903 GC heap after
Heap after GC invocations=574 (full 81):
 PSYoungGen      total 54272K, used 4564K [0x00000007bc400000, 0x00000007c0000000, 0x00000007c0000000)
  eden space 49664K, 0% used [0x00000007bc400000,0x00000007bc400000,0x00000007bf480000)
  from space 4608K, 99% used [0x00000007bf500000,0x00000007bf975328,0x00000007bf980000)
  to   space 6144K, 0% used [0x00000007bfa00000,0x00000007bfa00000,0x00000007c0000000)
 ParOldGen       total 239616K, used 85619K [0x0000000700000000, 0x000000070ea00000, 0x00000007bc400000)
  object space 239616K, 35% used [0x0000000700000000,0x000000070539cff8,0x000000070ea00000)
 Metaspace       used 67951K, capacity 68413K, committed 68864K, reserved 1107968K
  class space    used 9628K, capacity 9705K, committed 9728K, reserved 1048576K
}

